<?xml version="1.0" encoding="UTF-8"?>
<testng-results skipped="0" failed="0" ignored="0" total="1" passed="1">
  <reporter-output>
  </reporter-output>
  <suite name="Suite1" duration-ms="62" started-at="2019-08-29T13:17:00 IST" finished-at="2019-08-29T13:17:00 IST">
    <groups>
    </groups>
    <test name="Regression1" duration-ms="62" started-at="2019-08-29T13:17:00 IST" finished-at="2019-08-29T13:17:00 IST">
      <class name="Base.testClass">
        <test-method status="PASS" signature="init()[pri:0, instance:Base.testClass@20e2cbe0]" name="init" duration-ms="0" started-at="2019-08-29T13:17:00 IST" finished-at="2019-08-29T13:17:00 IST">
          <reporter-output>
          </reporter-output>
        </test-method> <!-- init -->
      </class> <!-- Base.testClass -->
    </test> <!-- Regression1 -->
  </suite> <!-- Suite1 -->
</testng-results>
